<?xml version="1.0" encoding="UTF-8"?>
<!-- Generated by org.testng.reporters.JUnitReportReporter -->
<testsuite hostname="INLEN8520046731" failures="0" tests="2" name="com.tests.TestApp" time="97.985" errors="0" timestamp="2023-01-10T14:29:13 IST" skipped="0">
  <testcase classname="com.tests.TestApp" name="verifyLoginPage" time="39.983"/>
  <system-out/>
  <testcase classname="com.tests.TestApp" name="verifyCartPage" time="58.002"/>
  <system-out/>
</testsuite> <!-- com.tests.TestApp -->
