<?xml version="1.0" encoding="UTF-8"?>
<!-- Generated by org.testng.reporters.JUnitReportReporter -->
<testsuite hostname="INLEN8520046731" failures="0" tests="2" name="com.tests.TestApp" time="95.825" errors="0" timestamp="2023-01-09T17:59:00 IST" skipped="0">
  <testcase classname="com.tests.TestApp" name="verifyCartPage" time="53.631"/>
  <system-out/>
  <testcase classname="com.tests.TestApp" name="verifyLoginPage" time="42.194"/>
  <system-out/>
</testsuite> <!-- com.tests.TestApp -->
